# JRE version: Java(TM) SE Runtime Environment (8.0_202-b08) (build 1.8.0_202-b08)
# Java VM: Java HotSpot(TM) 64-Bit Server VM (25.202-b08 mixed mode windows-amd64 compressed oops)
Heap:
 PSYoungGen      total 579072K, used 312857K [0x000000076af80000, 0x0000000790f80000, 0x00000007c0000000)
  eden space 569344K, 53% used [0x000000076af80000,0x000000077d79a468,0x000000078db80000)
  from space 9728K, 99% used [0x0000000790600000,0x0000000790f6c090,0x0000000790f80000)
  to   space 14336K, 0% used [0x000000078f380000,0x000000078f380000,0x0000000790180000)
 ParOldGen       total 130560K, used 17111K [0x00000006c0e00000, 0x00000006c8d80000, 0x000000076af80000)
  object space 130560K, 13% used [0x00000006c0e00000,0x00000006c1eb5e68,0x00000006c8d80000)
 Metaspace       used 42452K, capacity 45190K, committed 45440K, reserved 1089536K
  class space    used 5666K, capacity 6187K, committed 6272K, reserved 1048576K
GC Heap History (10 events):
Event: 6.123 GC heap before
{Heap before GC invocations=6 (full 1):
 PSYoungGen      total 239104K, used 238864K [0x000000076af80000, 0x000000077c080000, 0x00000007c0000000)
  eden space 232448K, 100% used [0x000000076af80000,0x0000000779280000,0x0000000779280000)
  from space 6656K, 96% used [0x000000077ba00000,0x000000077c044180,0x000000077c080000)
  to   space 10752K, 0% used [0x000000077ab80000,0x000000077ab80000,0x000000077b600000)
 ParOldGen       total 84480K, used 5710K [0x00000006c0e00000, 0x00000006c6080000, 0x000000076af80000)
  object space 84480K, 6% used [0x00000006c0e00000,0x00000006c1393a98,0x00000006c6080000)
 Metaspace       used 28820K, capacity 30152K, committed 30336K, reserved 1075200K
  class space    used 3715K, capacity 3962K, committed 3968K, reserved 1048576K
Event: 6.136 GC heap after
Heap after GC invocations=6 (full 1):
 PSYoungGen      total 268800K, used 9134K [0x000000076af80000, 0x0000000785080000, 0x00000007c0000000)
  eden space 258048K, 0% used [0x000000076af80000,0x000000076af80000,0x000000077ab80000)
  from space 10752K, 84% used [0x000000077ab80000,0x000000077b46b878,0x000000077b600000)
  to   space 11264K, 0% used [0x0000000784580000,0x0000000784580000,0x0000000785080000)
 ParOldGen       total 84480K, used 5718K [0x00000006c0e00000, 0x00000006c6080000, 0x000000076af80000)
  object space 84480K, 6% used [0x00000006c0e00000,0x00000006c1395a98,0x00000006c6080000)
 Metaspace       used 28820K, capacity 30152K, committed 30336K, reserved 1075200K
  class space    used 3715K, capacity 3962K, committed 3968K, reserved 1048576K
}
Event: 8.049 GC heap before
{Heap before GC invocations=7 (full 1):
 PSYoungGen      total 268800K, used 97882K [0x000000076af80000, 0x0000000785080000, 0x00000007c0000000)
  eden space 258048K, 34% used [0x000000076af80000,0x000000077062aff8,0x000000077ab80000)
  from space 10752K, 84% used [0x000000077ab80000,0x000000077b46b878,0x000000077b600000)
  to   space 11264K, 0% used [0x0000000784580000,0x0000000784580000,0x0000000785080000)
 ParOldGen       total 84480K, used 5718K [0x00000006c0e00000, 0x00000006c6080000, 0x000000076af80000)
  object space 84480K, 6% used [0x00000006c0e00000,0x00000006c1395a98,0x00000006c6080000)
 Metaspace       used 33541K, capacity 35324K, committed 35416K, reserved 1079296K
  class space    used 4415K, capacity 4780K, committed 4864K, reserved 1048576K
Event: 8.065 GC heap after
Heap after GC invocations=7 (full 1):
 PSYoungGen      total 414208K, used 11233K [0x000000076af80000, 0x0000000787480000, 0x00000007c0000000)
  eden space 402944K, 0% used [0x000000076af80000,0x000000076af80000,0x0000000783900000)
  from space 11264K, 99% used [0x0000000784580000,0x00000007850784f8,0x0000000785080000)
  to   space 12800K, 0% used [0x0000000783900000,0x0000000783900000,0x0000000784580000)
 ParOldGen       total 84480K, used 6165K [0x00000006c0e00000, 0x00000006c6080000, 0x000000076af80000)
  object space 84480K, 7% used [0x00000006c0e00000,0x00000006c1405470,0x00000006c6080000)
 Metaspace       used 33541K, capacity 35324K, committed 35416K, reserved 1079296K
  class space    used 4415K, capacity 4780K, committed 4864K, reserved 1048576K
}
Event: 8.065 GC heap before
{Heap before GC invocations=8 (full 2):
 PSYoungGen      total 414208K, used 11233K [0x000000076af80000, 0x0000000787480000, 0x00000007c0000000)
  eden space 402944K, 0% used [0x000000076af80000,0x000000076af80000,0x0000000783900000)
  from space 11264K, 99% used [0x0000000784580000,0x00000007850784f8,0x0000000785080000)
  to   space 12800K, 0% used [0x0000000783900000,0x0000000783900000,0x0000000784580000)
 ParOldGen       total 84480K, used 6165K [0x00000006c0e00000, 0x00000006c6080000, 0x000000076af80000)
  object space 84480K, 7% used [0x00000006c0e00000,0x00000006c1405470,0x00000006c6080000)
 Metaspace       used 33541K, capacity 35324K, committed 35416K, reserved 1079296K
  class space    used 4415K, capacity 4780K, committed 4864K, reserved 1048576K
Event: 8.184 GC heap after
Heap after GC invocations=8 (full 2):
 PSYoungGen      total 414208K, used 0K [0x000000076af80000, 0x0000000787480000, 0x00000007c0000000)
  eden space 402944K, 0% used [0x000000076af80000,0x000000076af80000,0x0000000783900000)
  from space 11264K, 0% used [0x0000000784580000,0x0000000784580000,0x0000000785080000)
  to   space 12800K, 0% used [0x0000000783900000,0x0000000783900000,0x0000000784580000)
 ParOldGen       total 130560K, used 16254K [0x00000006c0e00000, 0x00000006c8d80000, 0x000000076af80000)
  object space 130560K, 12% used [0x00000006c0e00000,0x00000006c1ddfb58,0x00000006c8d80000)
 Metaspace       used 33541K, capacity 35324K, committed 35416K, reserved 1079296K
  class space    used 4415K, capacity 4780K, committed 4864K, reserved 1048576K
}
Event: 4272.024 GC heap before
{Heap before GC invocations=9 (full 2):
 PSYoungGen      total 414208K, used 402944K [0x000000076af80000, 0x0000000787480000, 0x00000007c0000000)
  eden space 402944K, 100% used [0x000000076af80000,0x0000000783900000,0x0000000783900000)
  from space 11264K, 0% used [0x0000000784580000,0x0000000784580000,0x0000000785080000)
  to   space 12800K, 0% used [0x0000000783900000,0x0000000783900000,0x0000000784580000)
 ParOldGen       total 130560K, used 16254K [0x00000006c0e00000, 0x00000006c8d80000, 0x000000076af80000)
  object space 130560K, 12% used [0x00000006c0e00000,0x00000006c1ddfb58,0x00000006c8d80000)
 Metaspace       used 42303K, capacity 45046K, committed 45184K, reserved 1087488K
  class space    used 5666K, capacity 6187K, committed 6272K, reserved 1048576K
Event: 4272.044 GC heap after
Heap after GC invocations=9 (full 2):
 PSYoungGen      total 415744K, used 12784K [0x000000076af80000, 0x0000000791480000, 0x00000007c0000000)
  eden space 402944K, 0% used [0x000000076af80000,0x000000076af80000,0x0000000783900000)
  from space 12800K, 99% used [0x0000000783900000,0x000000078457c2a8,0x0000000784580000)
  to   space 14848K, 0% used [0x0000000790600000,0x0000000790600000,0x0000000791480000)
 ParOldGen       total 130560K, used 17103K [0x00000006c0e00000, 0x00000006c8d80000, 0x000000076af80000)
  object space 130560K, 13% used [0x00000006c0e00000,0x00000006c1eb3e68,0x00000006c8d80000)
 Metaspace       used 42303K, capacity 45046K, committed 45184K, reserved 1087488K
  class space    used 5666K, capacity 6187K, committed 6272K, reserved 1048576K
}
Event: 10648.019 GC heap before
{Heap before GC invocations=10 (full 2):
 PSYoungGen      total 415744K, used 415728K [0x000000076af80000, 0x0000000791480000, 0x00000007c0000000)
  eden space 402944K, 100% used [0x000000076af80000,0x0000000783900000,0x0000000783900000)
  from space 12800K, 99% used [0x0000000783900000,0x000000078457c2a8,0x0000000784580000)
  to   space 14848K, 0% used [0x0000000790600000,0x0000000790600000,0x0000000791480000)
 ParOldGen       total 130560K, used 17103K [0x00000006c0e00000, 0x00000006c8d80000, 0x000000076af80000)
  object space 130560K, 13% used [0x00000006c0e00000,0x00000006c1eb3e68,0x00000006c8d80000)
 Metaspace       used 42401K, capacity 45190K, committed 45440K, reserved 1089536K
  class space    used 5666K, capacity 6187K, committed 6272K, reserved 1048576K
Event: 10648.052 GC heap after
Heap after GC invocations=10 (full 2):
 PSYoungGen      total 579072K, used 9648K [0x000000076af80000, 0x0000000790f80000, 0x00000007c0000000)
  eden space 569344K, 0% used [0x000000076af80000,0x000000076af80000,0x000000078db80000)
  from space 9728K, 99% used [0x0000000790600000,0x0000000790f6c090,0x0000000790f80000)
  to   space 14336K, 0% used [0x000000078f380000,0x000000078f380000,0x0000000790180000)
 ParOldGen       total 130560K, used 17111K [0x00000006c0e00000, 0x00000006c8d80000, 0x000000076af80000)
  object space 130560K, 13% used [0x00000006c0e00000,0x00000006c1eb5e68,0x00000006c8d80000)
 Metaspace       used 42401K, capacity 45190K, committed 45440K, reserved 1089536K
  class space    used 5666K, capacity 6187K, committed 6272K, reserved 1048576K
}

